2017-02-08 05:39:40 [127.0.0.1][1][tpgqojs36sppj4jv9eqacb6nf2][error][yii\base\ErrorException:1] exception 'yii\base\ErrorException' with message 'Call to a member function delete() on null' in /var/www/html/yimicake/backend/controllers/GoodsController.php:129
Stack trace:
#0 [internal function]: yii\base\ErrorHandler->handleFatalError()
#1 {main}
2017-02-08 05:39:40 [127.0.0.1][1][tpgqojs36sppj4jv9eqacb6nf2][info][application] $_GET = [
    'r' => 'goods/delone'
    'id' => '244'
]

$_COOKIE = [
    'advanced-backend' => 'tpgqojs36sppj4jv9eqacb6nf2'
    '_csrf-backend' => '855e3ab20320c8b1ef4f4919e79fa289dbf6add62685cdaddf32a31993acb0afa:2:{i:0;s:13:\"_csrf-backend\";i:1;s:32:\"9nzk7F3p2-xUJFAhezBYioKNR7Y_ws7M\";}'
    '_identity-backend' => '1e89586f72fa3ab045434bae6555c07464b29b2afb5e61163815ff7bf8f0a670a:2:{i:0;s:17:\"_identity-backend\";i:1;s:43:\"[1,\"YYtOQ6wLmadn2KVF5P4PP3jvAThGZRGr\",3600]\";}'
]

$_SESSION = [
    '__flash' => []
    '__id' => 1
]

$_SERVER = [
    'HTTP_HOST' => '127.0.0.1'
    'HTTP_CONNECTION' => 'keep-alive'
    'HTTP_ACCEPT' => '*/*'
    'HTTP_X_CSRF_TOKEN' => 'S05wLWh3RTVyIApGXzF2RXljCHgiMQRdLjQydAEYDnsZeSlyHwRyeA=='
    'HTTP_X_REQUESTED_WITH' => 'XMLHttpRequest'
    'HTTP_USER_AGENT' => 'Mozilla/5.0 (X11; Linux x86_64) AppleWebKit/537.36 (KHTML, like Gecko) Chrome/56.0.2924.87 Safari/537.36'
    'HTTP_REFERER' => 'http://127.0.0.1/yimicake/backend/web/index.php?r=goods%2Flist'
    'HTTP_ACCEPT_ENCODING' => 'gzip, deflate, sdch, br'
    'HTTP_ACCEPT_LANGUAGE' => 'zh-CN,zh;q=0.8,en;q=0.6'
    'HTTP_COOKIE' => 'advanced-backend=tpgqojs36sppj4jv9eqacb6nf2; _csrf-backend=855e3ab20320c8b1ef4f4919e79fa289dbf6add62685cdaddf32a31993acb0afa%3A2%3A%7Bi%3A0%3Bs%3A13%3A%22_csrf-backend%22%3Bi%3A1%3Bs%3A32%3A%229nzk7F3p2-xUJFAhezBYioKNR7Y_ws7M%22%3B%7D; _identity-backend=1e89586f72fa3ab045434bae6555c07464b29b2afb5e61163815ff7bf8f0a670a%3A2%3A%7Bi%3A0%3Bs%3A17%3A%22_identity-backend%22%3Bi%3A1%3Bs%3A43%3A%22%5B1%2C%22YYtOQ6wLmadn2KVF5P4PP3jvAThGZRGr%22%2C3600%5D%22%3B%7D'
    'PATH' => '/usr/local/sbin:/usr/local/bin:/usr/sbin:/usr/bin:/sbin:/bin'
    'SERVER_SIGNATURE' => '<address>Apache/2.4.18 (Ubuntu) Server at 127.0.0.1 Port 80</address>
'
    'SERVER_SOFTWARE' => 'Apache/2.4.18 (Ubuntu)'
    'SERVER_NAME' => '127.0.0.1'
    'SERVER_ADDR' => '127.0.0.1'
    'SERVER_PORT' => '80'
    'REMOTE_ADDR' => '127.0.0.1'
    'DOCUMENT_ROOT' => '/var/www/html'
    'REQUEST_SCHEME' => 'http'
    'CONTEXT_PREFIX' => ''
    'CONTEXT_DOCUMENT_ROOT' => '/var/www/html'
    'SERVER_ADMIN' => 'webmaster@localhost'
    'SCRIPT_FILENAME' => '/var/www/html/yimicake/backend/web/index.php'
    'REMOTE_PORT' => '54554'
    'GATEWAY_INTERFACE' => 'CGI/1.1'
    'SERVER_PROTOCOL' => 'HTTP/1.1'
    'REQUEST_METHOD' => 'GET'
    'QUERY_STRING' => 'r=goods%2Fdelone&id=244'
    'REQUEST_URI' => '/yimicake/backend/web/index.php?r=goods%2Fdelone&id=244'
    'SCRIPT_NAME' => '/yimicake/backend/web/index.php'
    'PHP_SELF' => '/yimicake/backend/web/index.php'
    'REQUEST_TIME_FLOAT' => 1486532380.4
    'REQUEST_TIME' => 1486532380
]
2017-02-08 05:39:44 [127.0.0.1][1][tpgqojs36sppj4jv9eqacb6nf2][error][yii\base\ErrorException:1] exception 'yii\base\ErrorException' with message 'Call to a member function delete() on null' in /var/www/html/yimicake/backend/controllers/GoodsController.php:129
Stack trace:
#0 [internal function]: yii\base\ErrorHandler->handleFatalError()
#1 {main}
2017-02-08 05:39:44 [127.0.0.1][1][tpgqojs36sppj4jv9eqacb6nf2][info][application] $_GET = [
    'r' => 'goods/delone'
    'id' => '244'
]

$_COOKIE = [
    'advanced-backend' => 'tpgqojs36sppj4jv9eqacb6nf2'
    '_csrf-backend' => '855e3ab20320c8b1ef4f4919e79fa289dbf6add62685cdaddf32a31993acb0afa:2:{i:0;s:13:\"_csrf-backend\";i:1;s:32:\"9nzk7F3p2-xUJFAhezBYioKNR7Y_ws7M\";}'
    '_identity-backend' => '1e89586f72fa3ab045434bae6555c07464b29b2afb5e61163815ff7bf8f0a670a:2:{i:0;s:17:\"_identity-backend\";i:1;s:43:\"[1,\"YYtOQ6wLmadn2KVF5P4PP3jvAThGZRGr\",3600]\";}'
]

$_SESSION = [
    '__flash' => []
    '__id' => 1
]

$_SERVER = [
    'HTTP_HOST' => '127.0.0.1'
    'HTTP_CONNECTION' => 'keep-alive'
    'HTTP_ACCEPT' => '*/*'
    'HTTP_X_CSRF_TOKEN' => 'SnhUU1pwZjJzFi44bTZVQnhVLAYQNidaLwIWCjMfLXwYTw0MLQNRfw=='
    'HTTP_X_REQUESTED_WITH' => 'XMLHttpRequest'
    'HTTP_USER_AGENT' => 'Mozilla/5.0 (X11; Linux x86_64) AppleWebKit/537.36 (KHTML, like Gecko) Chrome/56.0.2924.87 Safari/537.36'
    'HTTP_REFERER' => 'http://127.0.0.1/yimicake/backend/web/index.php?r=goods%2Flist'
    'HTTP_ACCEPT_ENCODING' => 'gzip, deflate, sdch, br'
    'HTTP_ACCEPT_LANGUAGE' => 'zh-CN,zh;q=0.8,en;q=0.6'
    'HTTP_COOKIE' => 'advanced-backend=tpgqojs36sppj4jv9eqacb6nf2; _csrf-backend=855e3ab20320c8b1ef4f4919e79fa289dbf6add62685cdaddf32a31993acb0afa%3A2%3A%7Bi%3A0%3Bs%3A13%3A%22_csrf-backend%22%3Bi%3A1%3Bs%3A32%3A%229nzk7F3p2-xUJFAhezBYioKNR7Y_ws7M%22%3B%7D; _identity-backend=1e89586f72fa3ab045434bae6555c07464b29b2afb5e61163815ff7bf8f0a670a%3A2%3A%7Bi%3A0%3Bs%3A17%3A%22_identity-backend%22%3Bi%3A1%3Bs%3A43%3A%22%5B1%2C%22YYtOQ6wLmadn2KVF5P4PP3jvAThGZRGr%22%2C3600%5D%22%3B%7D'
    'PATH' => '/usr/local/sbin:/usr/local/bin:/usr/sbin:/usr/bin:/sbin:/bin'
    'SERVER_SIGNATURE' => '<address>Apache/2.4.18 (Ubuntu) Server at 127.0.0.1 Port 80</address>
'
    'SERVER_SOFTWARE' => 'Apache/2.4.18 (Ubuntu)'
    'SERVER_NAME' => '127.0.0.1'
    'SERVER_ADDR' => '127.0.0.1'
    'SERVER_PORT' => '80'
    'REMOTE_ADDR' => '127.0.0.1'
    'DOCUMENT_ROOT' => '/var/www/html'
    'REQUEST_SCHEME' => 'http'
    'CONTEXT_PREFIX' => ''
    'CONTEXT_DOCUMENT_ROOT' => '/var/www/html'
    'SERVER_ADMIN' => 'webmaster@localhost'
    'SCRIPT_FILENAME' => '/var/www/html/yimicake/backend/web/index.php'
    'REMOTE_PORT' => '54558'
    'GATEWAY_INTERFACE' => 'CGI/1.1'
    'SERVER_PROTOCOL' => 'HTTP/1.1'
    'REQUEST_METHOD' => 'GET'
    'QUERY_STRING' => 'r=goods%2Fdelone&id=244'
    'REQUEST_URI' => '/yimicake/backend/web/index.php?r=goods%2Fdelone&id=244'
    'SCRIPT_NAME' => '/yimicake/backend/web/index.php'
    'PHP_SELF' => '/yimicake/backend/web/index.php'
    'REQUEST_TIME_FLOAT' => 1486532384.159
    'REQUEST_TIME' => 1486532384
]
